<?xml version="1.0" encoding="UTF-8"?>
<!-- Generated by org.testng.reporters.JUnitXMLReporter -->
<testsuite hostname="Chris" ignored="0" name="FooterMenuOptions" tests="1" failures="1" timestamp="19 Jan 2018 22:10:03 GMT" time="117.655" errors="0">
  <testcase name="temp24" time="117.655" classname="common.tests.FooterMenuOptions">
    <failure type="org.openqa.selenium.InvalidSelectorException" message="Given css selector expression &amp;quot;a[title=&amp;amp;quot;Visit Our Facebook&amp;amp;quot;] &amp;amp;gt; svg.social-logo &amp;amp;gt; path&amp;quot; is invalid: InvalidSelectorError: &amp;apos;a[title=&amp;amp;quot;Visit Our Facebook&amp;amp;quot;] &amp;amp;gt; svg.social-logo &amp;amp;gt; path&amp;apos; is not a valid selector: &amp;quot;a[title=&amp;amp;quot;Visit Our Facebook&amp;amp;quot;] &amp;amp;gt; svg.social-logo &amp;amp;gt; path&amp;quot;
For documentation on this error, please visit: http://seleniumhq.org/exceptions/invalid_selector_exception.html
Build info: version: &amp;apos;3.8.1&amp;apos;, revision: &amp;apos;6e95a6684b&amp;apos;, time: &amp;apos;2017-12-01T19:05:14.666Z&amp;apos;
System info: host: &amp;apos;CHRIS&amp;apos;, ip: &amp;apos;192.168.1.73&amp;apos;, os.name: &amp;apos;Windows 8.1&amp;apos;, os.arch: &amp;apos;amd64&amp;apos;, os.version: &amp;apos;6.3&amp;apos;, java.version: &amp;apos;1.8.0_121&amp;apos;
Driver info: org.openqa.selenium.firefox.FirefoxDriver
Capabilities {acceptInsecureCerts: true, browserName: firefox, browserVersion: 57.0.4, javascriptEnabled: true, moz:accessibilityChecks: false, moz:headless: false, moz:processID: 7696, moz:profile: C:\Users\Christopher\AppDat..., moz:webdriverClick: false, pageLoadStrategy: normal, platform: XP, platformName: XP, platformVersion: 6.3, rotatable: false, timeouts: {implicit: 0, pageLoad: 300000, script: 30000}}
Session ID: d84ccc1f-ea13-45f6-abe7-63b8497d836a
*** Element info: {Using=css selector, value=a[title=&amp;quot;Visit Our Facebook&amp;quot;] &amp;gt; svg.social-logo &amp;gt; path}">
      <![CDATA[org.openqa.selenium.InvalidSelectorException: Given css selector expression "a[title=&quot;Visit Our Facebook&quot;] &gt; svg.social-logo &gt; path" is invalid: InvalidSelectorError: 'a[title=&quot;Visit Our Facebook&quot;] &gt; svg.social-logo &gt; path' is not a valid selector: "a[title=&quot;Visit Our Facebook&quot;] &gt; svg.social-logo &gt; path"For documentation on this error, please visit: http://seleniumhq.org/exceptions/invalid_selector_exception.htmlBuild info: version: '3.8.1', revision: '6e95a6684b', time: '2017-12-01T19:05:14.666Z'System info: host: 'CHRIS', ip: '192.168.1.73', os.name: 'Windows 8.1', os.arch: 'amd64', os.version: '6.3', java.version: '1.8.0_121'Driver info: org.openqa.selenium.firefox.FirefoxDriverCapabilities {acceptInsecureCerts: true, browserName: firefox, browserVersion: 57.0.4, javascriptEnabled: true, moz:accessibilityChecks: false, moz:headless: false, moz:processID: 7696, moz:profile: C:\Users\Christopher\AppDat..., moz:webdriverClick: false, pageLoadStrategy: normal, platform: XP, platformName: XP, platformVersion: 6.3, rotatable: false, timeouts: {implicit: 0, pageLoad: 300000, script: 30000}}Session ID: d84ccc1f-ea13-45f6-abe7-63b8497d836a*** Element info: {Using=css selector, value=a[title=&quot;Visit Our Facebook&quot;] &gt; svg.social-logo &gt; path}at org.openqa.selenium.remote.http.W3CHttpResponseCodec.createException(W3CHttpResponseCodec.java:187)at org.openqa.selenium.remote.http.W3CHttpResponseCodec.decode(W3CHttpResponseCodec.java:122)at org.openqa.selenium.remote.http.W3CHttpResponseCodec.decode(W3CHttpResponseCodec.java:49)at org.openqa.selenium.remote.HttpCommandExecutor.execute(HttpCommandExecutor.java:164)at org.openqa.selenium.remote.service.DriverCommandExecutor.execute(DriverCommandExecutor.java:83)at org.openqa.selenium.remote.RemoteWebDriver.execute(RemoteWebDriver.java:601)at org.openqa.selenium.remote.RemoteWebDriver.findElement(RemoteWebDriver.java:371)at org.openqa.selenium.remote.RemoteWebDriver.findElementByCssSelector(RemoteWebDriver.java:465)at org.openqa.selenium.By$ByCssSelector.findElement(By.java:430)at org.openqa.selenium.remote.RemoteWebDriver.findElement(RemoteWebDriver.java:363)at common.pageobjects.FAQPage.getfooterFaceBookPage(FAQPage.java:384)at common.tests.FooterMenuOptions.temp24(FooterMenuOptions.java:124)... Removed 29 stack frames]]>
    </failure>
  </testcase> <!-- temp24 -->
</testsuite> <!-- FooterMenuOptions -->
